0 info it worked if it ends with ok
1 verbose cli [ 'C:\\Program Files\\nodejs\\node.exe',
1 verbose cli   'C:\\Program Files\\nodejs\\node_modules\\npm\\bin\\npm-cli.js',
1 verbose cli   'install',
1 verbose cli   'process.env' ]
2 info using npm@2.15.9
3 info using node@v4.6.1
4 verbose install initial load of C:\Users\nexus\Desktop\Bot\package.json
5 warn package.json bot@1.0.0 No README data
6 verbose installManyTop reading scoped package data from C:\Users\nexus\Desktop\Bot\node_modules\botbuilder\package.json
7 verbose installManyTop reading scoped package data from C:\Users\nexus\Desktop\Bot\node_modules\env\package.json
8 verbose installManyTop reading scoped package data from C:\Users\nexus\Desktop\Bot\node_modules\express\package.json
9 verbose installManyTop reading scoped package data from C:\Users\nexus\Desktop\Bot\node_modules\jade\package.json
10 verbose installManyTop reading scoped package data from C:\Users\nexus\Desktop\Bot\node_modules\mongodb\package.json
11 verbose installManyTop reading scoped package data from C:\Users\nexus\Desktop\Bot\node_modules\mssql\package.json
12 verbose installManyTop reading scoped package data from C:\Users\nexus\Desktop\Bot\node_modules\mysql\package.json
13 verbose installManyTop reading scoped package data from C:\Users\nexus\Desktop\Bot\node_modules\node-mysql\package.json
14 verbose installManyTop reading scoped package data from C:\Users\nexus\Desktop\Bot\node_modules\npm\package.json
15 verbose installManyTop reading scoped package data from C:\Users\nexus\Desktop\Bot\node_modules\process\package.json
16 verbose installManyTop reading scoped package data from C:\Users\nexus\Desktop\Bot\node_modules\restify\package.json
17 info package.json env@0.0.2 No license field.
18 info package.json process@0.11.9 process is also the name of a node core module.
19 info package.json mysql@2.0.0-alpha5 No license field.
20 info package.json node-mysql@0.4.2 No license field.
21 verbose readDependencies loading dependencies from C:\Users\nexus\Desktop\Bot\package.json
22 silly cache add args [ 'process.env', null ]
23 verbose cache add spec process.env
24 silly cache add parsed spec Result {
24 silly cache add   raw: 'process.env',
24 silly cache add   scope: null,
24 silly cache add   name: 'process.env',
24 silly cache add   rawSpec: '',
24 silly cache add   spec: 'latest',
24 silly cache add   type: 'tag' }
25 silly addNamed process.env@latest
26 verbose addNamed "latest" is being treated as a dist-tag for process.env
27 info addNameTag [ 'process.env', 'latest' ]
28 silly mapToRegistry name process.env
29 silly mapToRegistry using default registry
30 silly mapToRegistry registry https://registry.npmjs.org/
31 silly mapToRegistry data Result {
31 silly mapToRegistry   raw: 'process.env',
31 silly mapToRegistry   scope: null,
31 silly mapToRegistry   name: 'process.env',
31 silly mapToRegistry   rawSpec: '',
31 silly mapToRegistry   spec: 'latest',
31 silly mapToRegistry   type: 'tag' }
32 silly mapToRegistry uri https://registry.npmjs.org/process.env
33 verbose addNameTag registry:https://registry.npmjs.org/process.env not in flight; fetching
34 verbose request uri https://registry.npmjs.org/process.env
35 verbose request no auth needed
36 info attempt registry request try #1 at 19:45:03
37 verbose request id b23d8ed674bc08fd
38 http request GET https://registry.npmjs.org/process.env
39 http 404 https://registry.npmjs.org/process.env
40 verbose headers { 'content-type': 'application/json',
40 verbose headers   'cache-control': 'max-age=0',
40 verbose headers   'content-length': '2',
40 verbose headers   'accept-ranges': 'bytes',
40 verbose headers   date: 'Tue, 06 Dec 2016 18:45:04 GMT',
40 verbose headers   via: '1.1 varnish',
40 verbose headers   age: '0',
40 verbose headers   connection: 'keep-alive',
40 verbose headers   'x-served-by': 'cache-lhr6324-LHR',
40 verbose headers   'x-cache': 'MISS',
40 verbose headers   'x-cache-hits': '0',
40 verbose headers   'x-timer': 'S1481049903.740903,VS0,VE605',
40 verbose headers   vary: 'Accept-Encoding' }
41 silly get cb [ 404,
41 silly get   { 'content-type': 'application/json',
41 silly get     'cache-control': 'max-age=0',
41 silly get     'content-length': '2',
41 silly get     'accept-ranges': 'bytes',
41 silly get     date: 'Tue, 06 Dec 2016 18:45:04 GMT',
41 silly get     via: '1.1 varnish',
41 silly get     age: '0',
41 silly get     connection: 'keep-alive',
41 silly get     'x-served-by': 'cache-lhr6324-LHR',
41 silly get     'x-cache': 'MISS',
41 silly get     'x-cache-hits': '0',
41 silly get     'x-timer': 'S1481049903.740903,VS0,VE605',
41 silly get     vary: 'Accept-Encoding' } ]
42 verbose stack Error: Registry returned 404 for GET on https://registry.npmjs.org/process.env
42 verbose stack     at makeError (C:\Program Files\nodejs\node_modules\npm\node_modules\npm-registry-client\lib\request.js:264:12)
42 verbose stack     at CachingRegistryClient.<anonymous> (C:\Program Files\nodejs\node_modules\npm\node_modules\npm-registry-client\lib\request.js:242:14)
42 verbose stack     at Request._callback (C:\Program Files\nodejs\node_modules\npm\node_modules\npm-registry-client\lib\request.js:172:14)
42 verbose stack     at Request.self.callback (C:\Program Files\nodejs\node_modules\npm\node_modules\request\request.js:200:22)
42 verbose stack     at emitTwo (events.js:87:13)
42 verbose stack     at Request.emit (events.js:172:7)
42 verbose stack     at Request.<anonymous> (C:\Program Files\nodejs\node_modules\npm\node_modules\request\request.js:1067:10)
42 verbose stack     at emitOne (events.js:82:20)
42 verbose stack     at Request.emit (events.js:169:7)
42 verbose stack     at IncomingMessage.<anonymous> (C:\Program Files\nodejs\node_modules\npm\node_modules\request\request.js:988:12)
43 verbose statusCode 404
44 verbose pkgid process.env
45 verbose cwd C:\Users\nexus\Desktop\Bot
46 error Windows_NT 10.0.14393
47 error argv "C:\\Program Files\\nodejs\\node.exe" "C:\\Program Files\\nodejs\\node_modules\\npm\\bin\\npm-cli.js" "install" "process.env"
48 error node v4.6.1
49 error npm  v2.15.9
50 error code E404
51 error 404 Registry returned 404 for GET on https://registry.npmjs.org/process.env
51 error 404
51 error 404 'process.env' is not in the npm registry.
51 error 404 You should bug the author to publish it (or use the name yourself!)
51 error 404 It was specified as a dependency of 'bot'
51 error 404
51 error 404 Note that you can also install from a
51 error 404 tarball, folder, http url, or git url.
52 verbose exit [ 1, true ]
